{
  "RSpec": {
    "coverage": {
      "/home/wondrous-operand-3019/tic-tac-toe-rb-online-web-sp-000/lib/tic_tac_toe.rb": [
        null,
        1,
        8,
        null,
        null,
        null,
        null,
        1,
        null,
        null,
        null,
        null,
        null,
        null,
        null,
        null,
        null,
        null,
        1,
        4,
        4,
        4,
        4,
        4,
        null,
        null,
        null,
        1,
        6,
        null,
        null,
        null,
        1,
        11,
        82,
        5,
        77,
        1,
        null,
        null,
        5,
        null,
        null,
        null,
        1,
        9,
        60,
        null,
        9,
        null,
        null,
        null,
        1,
        8,
        3,
        null,
        5,
        null,
        null,
        null,
        null,
        1,
        3,
        2,
        null,
        1,
        null,
        null,
        null,
        null,
        1,
        3,
        3,
        null,
        2,
        1,
        null,
        1,
        null,
        null,
        null,
        null,
        1,
        5,
        null,
        null,
        null,
        1,
        6,
        null,
        null,
        null,
        1,
        3,
        3,
        3,
        3,
        2,
        2,
        null,
        1,
        null,
        null,
        null,
        null,
        1,
        3,
        3,
        null,
        0,
        null,
        null,
        null,
        null,
        1,
        4,
        4,
        36,
        5,
        null,
        null,
        4,
        null,
        null,
        null,
        1,
        0,
        0,
        null,
        0,
        null
      ]
    },
    "timestamp": 1573676881
  }
}
